<?xml version="1.0" encoding="UTF-8"?>
<testng-results ignored="0" total="1" passed="1" failed="0" skipped="0">
  <reporter-output>
  </reporter-output>
  <suite started-at="2026-04-15T11:57:03 IST" name="Default suite" finished-at="2026-04-15T11:57:41 IST" duration-ms="38150">
    <groups>
    </groups>
    <test started-at="2026-04-15T11:57:03 IST" name="Default test" finished-at="2026-04-15T11:57:41 IST" duration-ms="38150">
      <class name="testCases.UploadPicture_Test">
        <test-method is-config="true" signature="setup()[pri:0, instance:testCases.UploadPicture_Test@3b69e7d1]" started-at="2026-04-15T11:57:03 IST" name="setup" finished-at="2026-04-15T11:57:27 IST" duration-ms="24331" status="PASS">
          <reporter-output>
          </reporter-output>
        </test-method> <!-- setup -->
        <test-method signature="uploadPicture()[pri:0, instance:testCases.UploadPicture_Test@3b69e7d1]" started-at="2026-04-15T11:57:27 IST" name="uploadPicture" finished-at="2026-04-15T11:57:41 IST" duration-ms="13674" status="PASS">
          <reporter-output>
          </reporter-output>
        </test-method> <!-- uploadPicture -->
      </class> <!-- testCases.UploadPicture_Test -->
    </test> <!-- Default test -->
  </suite> <!-- Default suite -->
</testng-results>
